<?xml version="1.0" encoding="UTF-8"?>
<Site BuildName="Win32-gmake"
	BuildStamp="20250930-0046-Experimental"
	Name="CHRIS"
	Generator="ctest-4.1.0-rc1"
	CompilerName="C:/Strawberry/c/bin/c++.exe"
	CompilerVersion="13.2.0"
	OSName="Windows"
	Hostname="CHRIS"
	OSRelease=" Personal"
	OSVersion=" (Build 22631)"
	OSPlatform="AMD64"
	Is64Bits="1"
	VendorString="GenuineIntel"
	VendorID="Intel Corporation"
	FamilyID="6"
	ModelID="7"
	ModelName=""
	ProcessorCacheSize="-1"
	NumberOfLogicalCPU="24"
	NumberOfPhysicalCPU="16"
	TotalVirtualMemory="67325"
	TotalPhysicalMemory="32509"
	LogicalProcessorsPerPhysical="1"
	ProcessorClockFrequency="3400"
	>
	<Testing>
		<StartDateTime>Oct 16 12:29 Paris, Madrid (heure d[NON-UTF-8-BYTE-0x92][NON-UTF-8-BYTE-0xE9]t[NON-UTF-8-BYTE-0xE9])</StartDateTime>
		<StartTestTime>1760610555</StartTestTime>
		<TestList/>
		<EndDateTime>Oct 16 12:29 Paris, Madrid (heure d[NON-UTF-8-BYTE-0x92][NON-UTF-8-BYTE-0xE9]t[NON-UTF-8-BYTE-0xE9])</EndDateTime>
		<EndTestTime>1760610555</EndTestTime>
		<ElapsedMinutes>0</ElapsedMinutes>
	</Testing>
</Site>
