<?xml version="1.0" encoding="UTF-8"?>
<Site BuildName="Win32-gmake"
	BuildStamp="20251027-0432-Experimental"
	Name="CHRIS"
	Generator="ctest-4.1.0-rc1"
	CompilerName="C:/Strawberry/c/bin/c++.exe"
	CompilerVersion="13.2.0"
	OSName="Windows"
	Hostname="CHRIS"
	OSRelease=" Personal"
	OSVersion=" (Build 26100)"
	OSPlatform="AMD64"
	Is64Bits="1"
	VendorString="GenuineIntel"
	VendorID="Intel Corporation"
	FamilyID="6"
	ModelID="7"
	ModelName=""
	ProcessorCacheSize="-1"
	NumberOfLogicalCPU="24"
	NumberOfPhysicalCPU="16"
	TotalVirtualMemory="51965"
	TotalPhysicalMemory="32509"
	LogicalProcessorsPerPhysical="1"
	ProcessorClockFrequency="3400"
	>
	<Testing>
		<StartDateTime>Nov 11 13:27 Paris, Madrid</StartDateTime>
		<StartTestTime>1762864029</StartTestTime>
		<TestList/>
		<EndDateTime>Nov 11 13:27 Paris, Madrid</EndDateTime>
		<EndTestTime>1762864029</EndTestTime>
		<ElapsedMinutes>0</ElapsedMinutes>
	</Testing>
</Site>
