<?xml version="1.0" encoding="UTF-8"?>
<Site BuildName="Win32-gmake"
	BuildStamp="20251126-2110-Experimental"
	Name="CHRIS"
	Generator="ctest-4.1.0-rc1"
	CompilerName="C:/Strawberry/c/bin/c++.exe"
	CompilerVersion="13.2.0"
	OSName="Windows"
	Hostname="CHRIS"
	OSRelease=" Personal"
	OSVersion=" (Build 26200)"
	OSPlatform="AMD64"
	Is64Bits="1"
	VendorString="GenuineIntel"
	VendorID="Intel Corporation"
	FamilyID="6"
	ModelID="7"
	ModelName=""
	ProcessorCacheSize="-1"
	NumberOfLogicalCPU="24"
	NumberOfPhysicalCPU="16"
	TotalVirtualMemory="69741"
	TotalPhysicalMemory="32509"
	LogicalProcessorsPerPhysical="1"
	ProcessorClockFrequency="3400"
	>
	<Testing>
		<StartDateTime>Mar 10 02:04 Paris, Madrid</StartDateTime>
		<StartTestTime>1773104654</StartTestTime>
		<TestList/>
		<EndDateTime>Mar 10 02:04 Paris, Madrid</EndDateTime>
		<EndTestTime>1773104654</EndTestTime>
		<ElapsedMinutes>0</ElapsedMinutes>
	</Testing>
</Site>
