<?xml version="1.0" encoding="UTF-8"?>
<Site BuildName="Linux-c++"
	BuildStamp="20250826-2044-Experimental"
	Name="chris-pc"
	Generator="ctest-3.26.5"
	CompilerName="/usr/bin/c++"
	CompilerVersion="11.5.0"
	OSName="Linux"
	Hostname="chris-pc"
	OSRelease="5.14.0-570.33.2.el9_6.x86_64"
	OSVersion="#1 SMP PREEMPT_DYNAMIC Fri Aug 15 17:42:51 UTC 2025"
	OSPlatform="x86_64"
	Is64Bits="1"
	VendorString="GenuineIntel"
	VendorID="Intel Corporation"
	FamilyID="6"
	ModelID="183"
	ProcessorCacheSize="30720"
	NumberOfLogicalCPU="24"
	NumberOfPhysicalCPU="16"
	TotalVirtualMemory="32767"
	TotalPhysicalMemory="31573"
	LogicalProcessorsPerPhysical="1"
	ProcessorClockFrequency="5300"
	>
	<Testing>
		<StartDateTime>Aug 26 22:58 CEST</StartDateTime>
		<StartTestTime>1756241902</StartTestTime>
		<TestList/>
		<EndDateTime>Aug 26 22:58 CEST</EndDateTime>
		<EndTestTime>1756241902</EndTestTime>
		<ElapsedMinutes>0</ElapsedMinutes>
	</Testing>
</Site>
